<?xml version="1.0" encoding="UTF-8"?>
<!-- Generated by org.testng.reporters.JUnitReportReporter -->
<testsuite hostname="LAPTOP-S5C2NEHP" failures="0" tests="2" name="qaclickacademy.Mavenjava.APITest" time="0.004" errors="0" timestamp="2021-03-07T20:05:54 IST" skipped="0">
  <testcase classname="qaclickacademy.Mavenjava.APITest" name="postJira" time="0.002"/>
  <system-out/>
  <testcase classname="qaclickacademy.Mavenjava.APITest" name="deleteTwitter" time="0.002"/>
  <system-out/>
</testsuite> <!-- qaclickacademy.Mavenjava.APITest -->
