<?xml version="1.0" encoding="UTF-8"?>
<!-- Generated by org.testng.reporters.JUnitReportReporter -->
<testsuite hostname="LAPTOP-S5C2NEHP" failures="0" tests="2" name="qaclickacademy.Mavenjava.AppiumTest" time="0.010" errors="0" timestamp="2021-03-07T20:05:54 IST" skipped="0">
  <testcase classname="qaclickacademy.Mavenjava.AppiumTest" name="Androidapps" time="0.009"/>
  <system-out/>
  <testcase classname="qaclickacademy.Mavenjava.AppiumTest" name="IOSapps" time="0.001"/>
  <system-out/>
</testsuite> <!-- qaclickacademy.Mavenjava.AppiumTest -->
