<?xml version="1.0" encoding="UTF-8"?>
<!-- Generated by org.testng.reporters.JUnitReportReporter -->
<testsuite skipped="0" hostname="LAPTOP-S5C2NEHP" name="qaclickacademy.Mavenjava.AppiumTest" tests="2" failures="0" timestamp="07 Mar 2021 15:00:05 GMT" time="0.000" errors="0">
  <testcase name="IOSapps" time="0.000" classname="qaclickacademy.Mavenjava.AppiumTest"/>
  <testcase name="Androidapps" time="0.000" classname="qaclickacademy.Mavenjava.AppiumTest"/>
</testsuite> <!-- qaclickacademy.Mavenjava.AppiumTest -->
