<?xml version="1.0" encoding="UTF-8"?>
<!-- Generated by org.testng.reporters.JUnitReportReporter -->
<testsuite skipped="0" hostname="LAPTOP-S5C2NEHP" name="qaclickacademy.Mavenjava.APITest" tests="2" failures="0" timestamp="07 Mar 2021 15:00:30 GMT" time="0.011" errors="0">
  <testcase name="deleteTwitter" time="0.011" classname="qaclickacademy.Mavenjava.APITest"/>
  <testcase name="postJira" time="0.000" classname="qaclickacademy.Mavenjava.APITest"/>
</testsuite> <!-- qaclickacademy.Mavenjava.APITest -->
